âœ“ WandB initialized in Online mode
Files already downloaded and verified
Files already downloaded and verified
TypeError: only length-1 arrays can be converted to Python scalars

The above exception was the direct cause of the following exception:

Traceback (most recent call last):
  File "/home/ajinkya/projects/TestRepo_MsThesis_Ajinkya/week9/main.py", line 305, in <module>
    main(config)
  File "/home/ajinkya/projects/TestRepo_MsThesis_Ajinkya/week9/main.py", line 284, in main
    accuracy_transfer=cifar_testing_illusion_trained_model(trainloader,testloader,config,15)
                      ^^^^^^^^^^^^^^^^^^^^^^^^^^^^^^^^^^^^^^^^^^^^^^^^^^^^^^^^^^^^^^^^^^^^^^
  File "/home/ajinkya/projects/TestRepo_MsThesis_Ajinkya/week9/main.py", line 240, in cifar_testing_illusion_trained_model
    illusion_pc_training_custom(net,trainloader,testloader,"test",config,iteration_index)
  File "/home/ajinkya/projects/TestRepo_MsThesis_Ajinkya/week9/custom_ill_train.py", line 121, in illusion_pc_training_custom
    total_correct[0]+=square_probs
    ~~~~~~~~~~~~~^^^
ValueError: setting an array element with a sequence.
