Traceback (most recent call last):
  File "/home/ajinkya/projects/TestRepo_MsThesis_Ajinkya/week3/main.py", line 12, in <module>
    from fwd_train import feedfwd_training
  File "/home/ajinkya/projects/TestRepo_MsThesis_Ajinkya/week3/fwd_train.py", line 9, in <module>
    from eval_and_plotting import evaluation_metric,evaluation_reconstruction,plot_metrics
  File "/home/ajinkya/projects/TestRepo_MsThesis_Ajinkya/week3/eval_and_plotting.py", line 9, in <module>
    from config import seed, device, batch_size, epochs, lr, momentum, timesteps,training_condition
ModuleNotFoundError: No module named 'config'
srun: error: c-a100-cn01: task 0: Exited with exit code 1
srun: Terminating StepId=16072.0
srun: Step created for StepId=16072.1
Traceback (most recent call last):
  File "/home/ajinkya/projects/TestRepo_MsThesis_Ajinkya/week3/main.py", line 12, in <module>
    from fwd_train import feedfwd_training
  File "/home/ajinkya/projects/TestRepo_MsThesis_Ajinkya/week3/fwd_train.py", line 9, in <module>
    from eval_and_plotting import evaluation_metric,evaluation_reconstruction,plot_metrics
  File "/home/ajinkya/projects/TestRepo_MsThesis_Ajinkya/week3/eval_and_plotting.py", line 9, in <module>
    from config import seed, device, batch_size, epochs, lr, momentum, timesteps,training_condition
ModuleNotFoundError: No module named 'config'
srun: error: c-a100-cn01: task 0: Exited with exit code 1
srun: Terminating StepId=16072.1
srun: Step created for StepId=16072.2
Traceback (most recent call last):
  File "/home/ajinkya/projects/TestRepo_MsThesis_Ajinkya/week3/main.py", line 12, in <module>
    from fwd_train import feedfwd_training
  File "/home/ajinkya/projects/TestRepo_MsThesis_Ajinkya/week3/fwd_train.py", line 9, in <module>
    from eval_and_plotting import evaluation_metric,evaluation_reconstruction,plot_metrics
  File "/home/ajinkya/projects/TestRepo_MsThesis_Ajinkya/week3/eval_and_plotting.py", line 9, in <module>
    from config import seed, device, batch_size, epochs, lr, momentum, timesteps,training_condition
ModuleNotFoundError: No module named 'config'
srun: error: c-a100-cn01: task 0: Exited with exit code 1
srun: Terminating StepId=16072.2
srun: Step created for StepId=16072.3
Traceback (most recent call last):
  File "/home/ajinkya/projects/TestRepo_MsThesis_Ajinkya/week3/main.py", line 12, in <module>
    from fwd_train import feedfwd_training
  File "/home/ajinkya/projects/TestRepo_MsThesis_Ajinkya/week3/fwd_train.py", line 9, in <module>
    from eval_and_plotting import evaluation_metric,evaluation_reconstruction,plot_metrics
  File "/home/ajinkya/projects/TestRepo_MsThesis_Ajinkya/week3/eval_and_plotting.py", line 9, in <module>
    from config import seed, device, batch_size, epochs, lr, momentum, timesteps,training_condition
ModuleNotFoundError: No module named 'config'
srun: error: c-a100-cn01: task 0: Exited with exit code 1
srun: Terminating StepId=16072.3
srun: Step created for StepId=16072.4
Traceback (most recent call last):
  File "/home/ajinkya/projects/TestRepo_MsThesis_Ajinkya/week3/main.py", line 12, in <module>
    from fwd_train import feedfwd_training
  File "/home/ajinkya/projects/TestRepo_MsThesis_Ajinkya/week3/fwd_train.py", line 9, in <module>
    from eval_and_plotting import evaluation_metric,evaluation_reconstruction,plot_metrics
  File "/home/ajinkya/projects/TestRepo_MsThesis_Ajinkya/week3/eval_and_plotting.py", line 9, in <module>
    from config import seed, device, batch_size, epochs, lr, momentum, timesteps,training_condition
ModuleNotFoundError: No module named 'config'
srun: error: c-a100-cn01: task 0: Exited with exit code 1
srun: Terminating StepId=16072.4
